[23-Apr-2019 20:30:30 UTC] PHP Fatal error:  Uncaught exception 'PDOException' with message 'SQLSTATE[23000]: Integrity constraint violation: 1048 Column 'weather' cannot be null' in /home/ubuntu/workspace/cst336/hw/hw4/api/addReport.php:18
Stack trace:
#0 /home/ubuntu/workspace/cst336/hw/hw4/api/addReport.php(18): PDOStatement->execute(Array)
#1 {main}
  thrown in /home/ubuntu/workspace/cst336/hw/hw4/api/addReport.php on line 18
[23-Apr-2019 20:31:05 UTC] PHP Fatal error:  Uncaught exception 'PDOException' with message 'SQLSTATE[HY000]: General error' in /home/ubuntu/workspace/cst336/hw/hw4/api/addReport.php:19
Stack trace:
#0 /home/ubuntu/workspace/cst336/hw/hw4/api/addReport.php(19): PDOStatement->fetch(2)
#1 {main}
  thrown in /home/ubuntu/workspace/cst336/hw/hw4/api/addReport.php on line 19
[23-Apr-2019 20:32:11 UTC] PHP Fatal error:  Uncaught exception 'PDOException' with message 'SQLSTATE[HY000]: General error' in /home/ubuntu/workspace/cst336/hw/hw4/api/addReport.php:19
Stack trace:
#0 /home/ubuntu/workspace/cst336/hw/hw4/api/addReport.php(19): PDOStatement->fetch(2)
#1 {main}
  thrown in /home/ubuntu/workspace/cst336/hw/hw4/api/addReport.php on line 19
[23-Apr-2019 20:32:49 UTC] PHP Fatal error:  Uncaught exception 'PDOException' with message 'SQLSTATE[23000]: Integrity constraint violation: 1048 Column 'weather' cannot be null' in /home/ubuntu/workspace/cst336/hw/hw4/api/addReport.php:18
Stack trace:
#0 /home/ubuntu/workspace/cst336/hw/hw4/api/addReport.php(18): PDOStatement->execute(Array)
#1 {main}
  thrown in /home/ubuntu/workspace/cst336/hw/hw4/api/addReport.php on line 18
[23-Apr-2019 20:34:36 UTC] PHP Fatal error:  Uncaught exception 'PDOException' with message 'SQLSTATE[23000]: Integrity constraint violation: 1048 Column 'weather' cannot be null' in /home/ubuntu/workspace/cst336/hw/hw4/api/addReport.php:18
Stack trace:
#0 /home/ubuntu/workspace/cst336/hw/hw4/api/addReport.php(18): PDOStatement->execute(Array)
#1 {main}
  thrown in /home/ubuntu/workspace/cst336/hw/hw4/api/addReport.php on line 18
[23-Apr-2019 20:42:59 UTC] PHP Fatal error:  Uncaught exception 'PDOException' with message 'SQLSTATE[HY000]: General error' in /home/ubuntu/workspace/cst336/hw/hw4/api/addReport.php:19
Stack trace:
#0 /home/ubuntu/workspace/cst336/hw/hw4/api/addReport.php(19): PDOStatement->fetch(2)
#1 {main}
  thrown in /home/ubuntu/workspace/cst336/hw/hw4/api/addReport.php on line 19
[23-Apr-2019 20:43:32 UTC] PHP Fatal error:  Uncaught exception 'PDOException' with message 'SQLSTATE[HY000]: General error' in /home/ubuntu/workspace/cst336/hw/hw4/api/addReport.php:19
Stack trace:
#0 /home/ubuntu/workspace/cst336/hw/hw4/api/addReport.php(19): PDOStatement->fetch(2)
#1 {main}
  thrown in /home/ubuntu/workspace/cst336/hw/hw4/api/addReport.php on line 19
