[16-Mar-2019 06:48:21 UTC] PHP Warning:  include(../../../inc/dbConnection.php): failed to open stream: No such file or directory in /home/ubuntu/workspace/cst336/labs/lab6/api/getCategories.php on line 2
[16-Mar-2019 06:48:21 UTC] PHP Stack trace:
[16-Mar-2019 06:48:21 UTC] PHP   1. {main}() /home/ubuntu/workspace/cst336/labs/lab6/api/getCategories.php:0
[16-Mar-2019 06:48:21 UTC] PHP Warning:  include(): Failed opening '../../../inc/dbConnection.php' for inclusion (include_path='.:/usr/share/php:/usr/share/pear') in /home/ubuntu/workspace/cst336/labs/lab6/api/getCategories.php on line 2
[16-Mar-2019 06:48:21 UTC] PHP Stack trace:
[16-Mar-2019 06:48:21 UTC] PHP   1. {main}() /home/ubuntu/workspace/cst336/labs/lab6/api/getCategories.php:0
[16-Mar-2019 06:48:21 UTC] PHP Fatal error:  Call to undefined function getDatabaseConnection() in /home/ubuntu/workspace/cst336/labs/lab6/api/getCategories.php on line 3
[16-Mar-2019 06:48:21 UTC] PHP Stack trace:
[16-Mar-2019 06:48:21 UTC] PHP   1. {main}() /home/ubuntu/workspace/cst336/labs/lab6/api/getCategories.php:0
[16-Mar-2019 06:50:56 UTC] PHP Warning:  include(../../../inc/dbConnection.php): failed to open stream: No such file or directory in /home/ubuntu/workspace/cst336/labs/lab6/api/getCategories.php on line 2
[16-Mar-2019 06:50:56 UTC] PHP Stack trace:
[16-Mar-2019 06:50:56 UTC] PHP   1. {main}() /home/ubuntu/workspace/cst336/labs/lab6/api/getCategories.php:0
[16-Mar-2019 06:50:56 UTC] PHP Warning:  include(): Failed opening '../../../inc/dbConnection.php' for inclusion (include_path='.:/usr/share/php:/usr/share/pear') in /home/ubuntu/workspace/cst336/labs/lab6/api/getCategories.php on line 2
[16-Mar-2019 06:50:56 UTC] PHP Stack trace:
[16-Mar-2019 06:50:56 UTC] PHP   1. {main}() /home/ubuntu/workspace/cst336/labs/lab6/api/getCategories.php:0
[16-Mar-2019 06:50:56 UTC] PHP Fatal error:  Call to undefined function getDatabaseConnection() in /home/ubuntu/workspace/cst336/labs/lab6/api/getCategories.php on line 3
[16-Mar-2019 06:50:56 UTC] PHP Stack trace:
[16-Mar-2019 06:50:56 UTC] PHP   1. {main}() /home/ubuntu/workspace/cst336/labs/lab6/api/getCategories.php:0
[16-Mar-2019 06:51:00 UTC] PHP Warning:  include(../../../inc/dbConnection.php): failed to open stream: No such file or directory in /home/ubuntu/workspace/cst336/labs/lab6/api/getCategories.php on line 2
[16-Mar-2019 06:51:00 UTC] PHP Stack trace:
[16-Mar-2019 06:51:00 UTC] PHP   1. {main}() /home/ubuntu/workspace/cst336/labs/lab6/api/getCategories.php:0
[16-Mar-2019 06:51:00 UTC] PHP Warning:  include(): Failed opening '../../../inc/dbConnection.php' for inclusion (include_path='.:/usr/share/php:/usr/share/pear') in /home/ubuntu/workspace/cst336/labs/lab6/api/getCategories.php on line 2
[16-Mar-2019 06:51:00 UTC] PHP Stack trace:
[16-Mar-2019 06:51:00 UTC] PHP   1. {main}() /home/ubuntu/workspace/cst336/labs/lab6/api/getCategories.php:0
[16-Mar-2019 06:51:00 UTC] PHP Fatal error:  Call to undefined function getDatabaseConnection() in /home/ubuntu/workspace/cst336/labs/lab6/api/getCategories.php on line 3
[16-Mar-2019 06:51:00 UTC] PHP Stack trace:
[16-Mar-2019 06:51:00 UTC] PHP   1. {main}() /home/ubuntu/workspace/cst336/labs/lab6/api/getCategories.php:0
[16-Mar-2019 06:59:27 UTC] PHP Warning:  include(../../../inc/dbConnection.php): failed to open stream: No such file or directory in /home/ubuntu/workspace/cst336/labs/lab6/api/getCategories.php on line 2
[16-Mar-2019 06:59:27 UTC] PHP Stack trace:
[16-Mar-2019 06:59:27 UTC] PHP   1. {main}() /home/ubuntu/workspace/cst336/labs/lab6/api/getCategories.php:0
[16-Mar-2019 06:59:27 UTC] PHP Warning:  include(): Failed opening '../../../inc/dbConnection.php' for inclusion (include_path='.:/usr/share/php:/usr/share/pear') in /home/ubuntu/workspace/cst336/labs/lab6/api/getCategories.php on line 2
[16-Mar-2019 06:59:27 UTC] PHP Stack trace:
[16-Mar-2019 06:59:27 UTC] PHP   1. {main}() /home/ubuntu/workspace/cst336/labs/lab6/api/getCategories.php:0
[16-Mar-2019 06:59:27 UTC] PHP Fatal error:  Call to undefined function getDatabaseConnection() in /home/ubuntu/workspace/cst336/labs/lab6/api/getCategories.php on line 3
[16-Mar-2019 06:59:27 UTC] PHP Stack trace:
[16-Mar-2019 06:59:27 UTC] PHP   1. {main}() /home/ubuntu/workspace/cst336/labs/lab6/api/getCategories.php:0
[16-Mar-2019 07:03:19 UTC] PHP Fatal error:  Call to undefined function getDatabaseConnection() in /home/ubuntu/workspace/cst336/labs/lab6/api/getCategories.php on line 3
[16-Mar-2019 07:03:19 UTC] PHP Stack trace:
[16-Mar-2019 07:03:19 UTC] PHP   1. {main}() /home/ubuntu/workspace/cst336/labs/lab6/api/getCategories.php:0
[16-Mar-2019 07:03:36 UTC] PHP Warning:  include(../../../inc/dbConnection.php): failed to open stream: No such file or directory in /home/ubuntu/workspace/cst336/labs/lab6/api/getCategories.php on line 2
[16-Mar-2019 07:03:36 UTC] PHP Stack trace:
[16-Mar-2019 07:03:36 UTC] PHP   1. {main}() /home/ubuntu/workspace/cst336/labs/lab6/api/getCategories.php:0
[16-Mar-2019 07:03:36 UTC] PHP Warning:  include(): Failed opening '../../../inc/dbConnection.php' for inclusion (include_path='.:/usr/share/php:/usr/share/pear') in /home/ubuntu/workspace/cst336/labs/lab6/api/getCategories.php on line 2
[16-Mar-2019 07:03:36 UTC] PHP Stack trace:
[16-Mar-2019 07:03:36 UTC] PHP   1. {main}() /home/ubuntu/workspace/cst336/labs/lab6/api/getCategories.php:0
[16-Mar-2019 07:03:36 UTC] PHP Fatal error:  Call to undefined function getDatabaseConnection() in /home/ubuntu/workspace/cst336/labs/lab6/api/getCategories.php on line 3
[16-Mar-2019 07:03:36 UTC] PHP Stack trace:
[16-Mar-2019 07:03:36 UTC] PHP   1. {main}() /home/ubuntu/workspace/cst336/labs/lab6/api/getCategories.php:0
[16-Mar-2019 21:07:59 UTC] PHP Fatal error:  Uncaught exception 'PDOException' with message 'SQLSTATE[42S22]: Column not found: 1054 Unknown column 'price' in 'where clause'' in /home/ubuntu/workspace/cst336/labs/lab6/api/getSearchResult.php:39
Stack trace:
#0 /home/ubuntu/workspace/cst336/labs/lab6/api/getSearchResult.php(39): PDOStatement->execute(Array)
#1 {main}
  thrown in /home/ubuntu/workspace/cst336/labs/lab6/api/getSearchResult.php on line 39
[16-Mar-2019 21:08:00 UTC] PHP Fatal error:  Uncaught exception 'PDOException' with message 'SQLSTATE[42S22]: Column not found: 1054 Unknown column 'price' in 'where clause'' in /home/ubuntu/workspace/cst336/labs/lab6/api/getSearchResult.php:39
Stack trace:
#0 /home/ubuntu/workspace/cst336/labs/lab6/api/getSearchResult.php(39): PDOStatement->execute(Array)
#1 {main}
  thrown in /home/ubuntu/workspace/cst336/labs/lab6/api/getSearchResult.php on line 39
[16-Mar-2019 21:08:00 UTC] PHP Fatal error:  Uncaught exception 'PDOException' with message 'SQLSTATE[42S22]: Column not found: 1054 Unknown column 'price' in 'where clause'' in /home/ubuntu/workspace/cst336/labs/lab6/api/getSearchResult.php:39
Stack trace:
#0 /home/ubuntu/workspace/cst336/labs/lab6/api/getSearchResult.php(39): PDOStatement->execute(Array)
#1 {main}
  thrown in /home/ubuntu/workspace/cst336/labs/lab6/api/getSearchResult.php on line 39
[16-Mar-2019 21:08:01 UTC] PHP Fatal error:  Uncaught exception 'PDOException' with message 'SQLSTATE[42S22]: Column not found: 1054 Unknown column 'price' in 'where clause'' in /home/ubuntu/workspace/cst336/labs/lab6/api/getSearchResult.php:39
Stack trace:
#0 /home/ubuntu/workspace/cst336/labs/lab6/api/getSearchResult.php(39): PDOStatement->execute(Array)
#1 {main}
  thrown in /home/ubuntu/workspace/cst336/labs/lab6/api/getSearchResult.php on line 39
[16-Mar-2019 21:08:01 UTC] PHP Fatal error:  Uncaught exception 'PDOException' with message 'SQLSTATE[42S22]: Column not found: 1054 Unknown column 'price' in 'where clause'' in /home/ubuntu/workspace/cst336/labs/lab6/api/getSearchResult.php:39
Stack trace:
#0 /home/ubuntu/workspace/cst336/labs/lab6/api/getSearchResult.php(39): PDOStatement->execute(Array)
#1 {main}
  thrown in /home/ubuntu/workspace/cst336/labs/lab6/api/getSearchResult.php on line 39
[16-Mar-2019 21:08:01 UTC] PHP Fatal error:  Uncaught exception 'PDOException' with message 'SQLSTATE[42S22]: Column not found: 1054 Unknown column 'price' in 'where clause'' in /home/ubuntu/workspace/cst336/labs/lab6/api/getSearchResult.php:39
Stack trace:
#0 /home/ubuntu/workspace/cst336/labs/lab6/api/getSearchResult.php(39): PDOStatement->execute(Array)
#1 {main}
  thrown in /home/ubuntu/workspace/cst336/labs/lab6/api/getSearchResult.php on line 39
[16-Mar-2019 21:08:01 UTC] PHP Fatal error:  Uncaught exception 'PDOException' with message 'SQLSTATE[42S22]: Column not found: 1054 Unknown column 'price' in 'where clause'' in /home/ubuntu/workspace/cst336/labs/lab6/api/getSearchResult.php:39
Stack trace:
#0 /home/ubuntu/workspace/cst336/labs/lab6/api/getSearchResult.php(39): PDOStatement->execute(Array)
#1 {main}
  thrown in /home/ubuntu/workspace/cst336/labs/lab6/api/getSearchResult.php on line 39
[16-Mar-2019 21:08:02 UTC] PHP Fatal error:  Uncaught exception 'PDOException' with message 'SQLSTATE[42S22]: Column not found: 1054 Unknown column 'price' in 'where clause'' in /home/ubuntu/workspace/cst336/labs/lab6/api/getSearchResult.php:39
Stack trace:
#0 /home/ubuntu/workspace/cst336/labs/lab6/api/getSearchResult.php(39): PDOStatement->execute(Array)
#1 {main}
  thrown in /home/ubuntu/workspace/cst336/labs/lab6/api/getSearchResult.php on line 39
[16-Mar-2019 21:08:11 UTC] PHP Fatal error:  Uncaught exception 'PDOException' with message 'SQLSTATE[42S22]: Column not found: 1054 Unknown column 'price' in 'where clause'' in /home/ubuntu/workspace/cst336/labs/lab6/api/getSearchResult.php:39
Stack trace:
#0 /home/ubuntu/workspace/cst336/labs/lab6/api/getSearchResult.php(39): PDOStatement->execute(Array)
#1 {main}
  thrown in /home/ubuntu/workspace/cst336/labs/lab6/api/getSearchResult.php on line 39
[16-Mar-2019 21:08:31 UTC] PHP Fatal error:  Uncaught exception 'PDOException' with message 'SQLSTATE[42S22]: Column not found: 1054 Unknown column 'price' in 'where clause'' in /home/ubuntu/workspace/cst336/labs/lab6/api/getSearchResult.php:39
Stack trace:
#0 /home/ubuntu/workspace/cst336/labs/lab6/api/getSearchResult.php(39): PDOStatement->execute(Array)
#1 {main}
  thrown in /home/ubuntu/workspace/cst336/labs/lab6/api/getSearchResult.php on line 39
[16-Mar-2019 21:08:35 UTC] PHP Fatal error:  Uncaught exception 'PDOException' with message 'SQLSTATE[42S22]: Column not found: 1054 Unknown column 'price' in 'where clause'' in /home/ubuntu/workspace/cst336/labs/lab6/api/getSearchResult.php:39
Stack trace:
#0 /home/ubuntu/workspace/cst336/labs/lab6/api/getSearchResult.php(39): PDOStatement->execute(Array)
#1 {main}
  thrown in /home/ubuntu/workspace/cst336/labs/lab6/api/getSearchResult.php on line 39
[16-Mar-2019 21:08:35 UTC] PHP Fatal error:  Uncaught exception 'PDOException' with message 'SQLSTATE[42S22]: Column not found: 1054 Unknown column 'price' in 'where clause'' in /home/ubuntu/workspace/cst336/labs/lab6/api/getSearchResult.php:39
Stack trace:
#0 /home/ubuntu/workspace/cst336/labs/lab6/api/getSearchResult.php(39): PDOStatement->execute(Array)
#1 {main}
  thrown in /home/ubuntu/workspace/cst336/labs/lab6/api/getSearchResult.php on line 39
[16-Mar-2019 21:08:36 UTC] PHP Fatal error:  Uncaught exception 'PDOException' with message 'SQLSTATE[42S22]: Column not found: 1054 Unknown column 'price' in 'where clause'' in /home/ubuntu/workspace/cst336/labs/lab6/api/getSearchResult.php:39
Stack trace:
#0 /home/ubuntu/workspace/cst336/labs/lab6/api/getSearchResult.php(39): PDOStatement->execute(Array)
#1 {main}
  thrown in /home/ubuntu/workspace/cst336/labs/lab6/api/getSearchResult.php on line 39
[16-Mar-2019 21:08:36 UTC] PHP Fatal error:  Uncaught exception 'PDOException' with message 'SQLSTATE[42S22]: Column not found: 1054 Unknown column 'price' in 'where clause'' in /home/ubuntu/workspace/cst336/labs/lab6/api/getSearchResult.php:39
Stack trace:
#0 /home/ubuntu/workspace/cst336/labs/lab6/api/getSearchResult.php(39): PDOStatement->execute(Array)
#1 {main}
  thrown in /home/ubuntu/workspace/cst336/labs/lab6/api/getSearchResult.php on line 39
[16-Mar-2019 21:08:36 UTC] PHP Fatal error:  Uncaught exception 'PDOException' with message 'SQLSTATE[42S22]: Column not found: 1054 Unknown column 'price' in 'where clause'' in /home/ubuntu/workspace/cst336/labs/lab6/api/getSearchResult.php:39
Stack trace:
#0 /home/ubuntu/workspace/cst336/labs/lab6/api/getSearchResult.php(39): PDOStatement->execute(Array)
#1 {main}
  thrown in /home/ubuntu/workspace/cst336/labs/lab6/api/getSearchResult.php on line 39
[16-Mar-2019 21:11:20 UTC] PHP Fatal error:  Uncaught exception 'PDOException' with message 'SQLSTATE[42S22]: Column not found: 1054 Unknown column 'price' in 'where clause'' in /home/ubuntu/workspace/cst336/labs/lab6/api/getSearchResult.php:39
Stack trace:
#0 /home/ubuntu/workspace/cst336/labs/lab6/api/getSearchResult.php(39): PDOStatement->execute(Array)
#1 {main}
  thrown in /home/ubuntu/workspace/cst336/labs/lab6/api/getSearchResult.php on line 39
[16-Mar-2019 21:11:21 UTC] PHP Fatal error:  Uncaught exception 'PDOException' with message 'SQLSTATE[42S22]: Column not found: 1054 Unknown column 'price' in 'where clause'' in /home/ubuntu/workspace/cst336/labs/lab6/api/getSearchResult.php:39
Stack trace:
#0 /home/ubuntu/workspace/cst336/labs/lab6/api/getSearchResult.php(39): PDOStatement->execute(Array)
#1 {main}
  thrown in /home/ubuntu/workspace/cst336/labs/lab6/api/getSearchResult.php on line 39
[16-Mar-2019 21:11:21 UTC] PHP Fatal error:  Uncaught exception 'PDOException' with message 'SQLSTATE[42S22]: Column not found: 1054 Unknown column 'price' in 'where clause'' in /home/ubuntu/workspace/cst336/labs/lab6/api/getSearchResult.php:39
Stack trace:
#0 /home/ubuntu/workspace/cst336/labs/lab6/api/getSearchResult.php(39): PDOStatement->execute(Array)
#1 {main}
  thrown in /home/ubuntu/workspace/cst336/labs/lab6/api/getSearchResult.php on line 39
[16-Mar-2019 21:11:21 UTC] PHP Fatal error:  Uncaught exception 'PDOException' with message 'SQLSTATE[42S22]: Column not found: 1054 Unknown column 'price' in 'where clause'' in /home/ubuntu/workspace/cst336/labs/lab6/api/getSearchResult.php:39
Stack trace:
#0 /home/ubuntu/workspace/cst336/labs/lab6/api/getSearchResult.php(39): PDOStatement->execute(Array)
#1 {main}
  thrown in /home/ubuntu/workspace/cst336/labs/lab6/api/getSearchResult.php on line 39
[16-Mar-2019 21:11:21 UTC] PHP Fatal error:  Uncaught exception 'PDOException' with message 'SQLSTATE[42S22]: Column not found: 1054 Unknown column 'price' in 'where clause'' in /home/ubuntu/workspace/cst336/labs/lab6/api/getSearchResult.php:39
Stack trace:
#0 /home/ubuntu/workspace/cst336/labs/lab6/api/getSearchResult.php(39): PDOStatement->execute(Array)
#1 {main}
  thrown in /home/ubuntu/workspace/cst336/labs/lab6/api/getSearchResult.php on line 39
[16-Mar-2019 21:11:22 UTC] PHP Fatal error:  Uncaught exception 'PDOException' with message 'SQLSTATE[42S22]: Column not found: 1054 Unknown column 'price' in 'where clause'' in /home/ubuntu/workspace/cst336/labs/lab6/api/getSearchResult.php:39
Stack trace:
#0 /home/ubuntu/workspace/cst336/labs/lab6/api/getSearchResult.php(39): PDOStatement->execute(Array)
#1 {main}
  thrown in /home/ubuntu/workspace/cst336/labs/lab6/api/getSearchResult.php on line 39
[16-Mar-2019 21:11:22 UTC] PHP Fatal error:  Uncaught exception 'PDOException' with message 'SQLSTATE[42S22]: Column not found: 1054 Unknown column 'price' in 'where clause'' in /home/ubuntu/workspace/cst336/labs/lab6/api/getSearchResult.php:39
Stack trace:
#0 /home/ubuntu/workspace/cst336/labs/lab6/api/getSearchResult.php(39): PDOStatement->execute(Array)
#1 {main}
  thrown in /home/ubuntu/workspace/cst336/labs/lab6/api/getSearchResult.php on line 39
[16-Mar-2019 21:11:22 UTC] PHP Fatal error:  Uncaught exception 'PDOException' with message 'SQLSTATE[42S22]: Column not found: 1054 Unknown column 'price' in 'where clause'' in /home/ubuntu/workspace/cst336/labs/lab6/api/getSearchResult.php:39
Stack trace:
#0 /home/ubuntu/workspace/cst336/labs/lab6/api/getSearchResult.php(39): PDOStatement->execute(Array)
#1 {main}
  thrown in /home/ubuntu/workspace/cst336/labs/lab6/api/getSearchResult.php on line 39
[16-Mar-2019 21:11:22 UTC] PHP Fatal error:  Uncaught exception 'PDOException' with message 'SQLSTATE[42S22]: Column not found: 1054 Unknown column 'price' in 'where clause'' in /home/ubuntu/workspace/cst336/labs/lab6/api/getSearchResult.php:39
Stack trace:
#0 /home/ubuntu/workspace/cst336/labs/lab6/api/getSearchResult.php(39): PDOStatement->execute(Array)
#1 {main}
  thrown in /home/ubuntu/workspace/cst336/labs/lab6/api/getSearchResult.php on line 39
