[29-Apr-2019 19:43:26 UTC] PHP Warning:  include(../../inc/dbConnection.php): failed to open stream: No such file or directory in /home/ubuntu/workspace/cst336/practice/p10/api/checkAnswer.php on line 3
[29-Apr-2019 19:43:26 UTC] PHP Stack trace:
[29-Apr-2019 19:43:26 UTC] PHP   1. {main}() /home/ubuntu/workspace/cst336/practice/p10/api/checkAnswer.php:0
[29-Apr-2019 19:43:26 UTC] PHP Warning:  include(): Failed opening '../../inc/dbConnection.php' for inclusion (include_path='.:/usr/share/php:/usr/share/pear') in /home/ubuntu/workspace/cst336/practice/p10/api/checkAnswer.php on line 3
[29-Apr-2019 19:43:26 UTC] PHP Stack trace:
[29-Apr-2019 19:43:26 UTC] PHP   1. {main}() /home/ubuntu/workspace/cst336/practice/p10/api/checkAnswer.php:0
[29-Apr-2019 19:43:26 UTC] PHP Fatal error:  Call to undefined function getDatabaseConnection() in /home/ubuntu/workspace/cst336/practice/p10/api/checkAnswer.php on line 5
[29-Apr-2019 19:43:26 UTC] PHP Stack trace:
[29-Apr-2019 19:43:26 UTC] PHP   1. {main}() /home/ubuntu/workspace/cst336/practice/p10/api/checkAnswer.php:0
[29-Apr-2019 19:43:46 UTC] PHP Warning:  include(../../inc/dbConnection.php): failed to open stream: No such file or directory in /home/ubuntu/workspace/cst336/practice/p10/api/checkAnswer.php on line 3
[29-Apr-2019 19:43:46 UTC] PHP Stack trace:
[29-Apr-2019 19:43:46 UTC] PHP   1. {main}() /home/ubuntu/workspace/cst336/practice/p10/api/checkAnswer.php:0
[29-Apr-2019 19:43:46 UTC] PHP Warning:  include(): Failed opening '../../inc/dbConnection.php' for inclusion (include_path='.:/usr/share/php:/usr/share/pear') in /home/ubuntu/workspace/cst336/practice/p10/api/checkAnswer.php on line 3
[29-Apr-2019 19:43:46 UTC] PHP Stack trace:
[29-Apr-2019 19:43:46 UTC] PHP   1. {main}() /home/ubuntu/workspace/cst336/practice/p10/api/checkAnswer.php:0
[29-Apr-2019 19:43:46 UTC] PHP Fatal error:  Call to undefined function getDatabaseConnection() in /home/ubuntu/workspace/cst336/practice/p10/api/checkAnswer.php on line 5
[29-Apr-2019 19:43:46 UTC] PHP Stack trace:
[29-Apr-2019 19:43:46 UTC] PHP   1. {main}() /home/ubuntu/workspace/cst336/practice/p10/api/checkAnswer.php:0
[29-Apr-2019 19:45:08 UTC] PHP Fatal error:  Uncaught exception 'PDOException' with message 'SQLSTATE[HY093]: Invalid parameter number: number of bound variables does not match number of tokens' in /home/ubuntu/workspace/cst336/practice/p10/api/checkAnswer.php:15
Stack trace:
#0 /home/ubuntu/workspace/cst336/practice/p10/api/checkAnswer.php(15): PDOStatement->execute(Array)
#1 {main}
  thrown in /home/ubuntu/workspace/cst336/practice/p10/api/checkAnswer.php on line 15
[29-Apr-2019 19:49:18 UTC] PHP Fatal error:  Uncaught exception 'PDOException' with message 'SQLSTATE[42S22]: Column not found: 1054 Unknown column 'points' in 'field list'' in /home/ubuntu/workspace/cst336/practice/p10/api/checkAnswer.php:16
Stack trace:
#0 /home/ubuntu/workspace/cst336/practice/p10/api/checkAnswer.php(16): PDOStatement->execute(Array)
#1 {main}
  thrown in /home/ubuntu/workspace/cst336/practice/p10/api/checkAnswer.php on line 16
[29-Apr-2019 19:49:20 UTC] PHP Fatal error:  Uncaught exception 'PDOException' with message 'SQLSTATE[42S22]: Column not found: 1054 Unknown column 'points' in 'field list'' in /home/ubuntu/workspace/cst336/practice/p10/api/checkAnswer.php:16
Stack trace:
#0 /home/ubuntu/workspace/cst336/practice/p10/api/checkAnswer.php(16): PDOStatement->execute(Array)
#1 {main}
  thrown in /home/ubuntu/workspace/cst336/practice/p10/api/checkAnswer.php on line 16
[29-Apr-2019 19:49:51 UTC] PHP Fatal error:  Uncaught exception 'PDOException' with message 'SQLSTATE[42S22]: Column not found: 1054 Unknown column 'points' in 'field list'' in /home/ubuntu/workspace/cst336/practice/p10/api/checkAnswer.php:16
Stack trace:
#0 /home/ubuntu/workspace/cst336/practice/p10/api/checkAnswer.php(16): PDOStatement->execute(Array)
#1 {main}
  thrown in /home/ubuntu/workspace/cst336/practice/p10/api/checkAnswer.php on line 16
[29-Apr-2019 19:50:27 UTC] PHP Fatal error:  Uncaught exception 'PDOException' with message 'SQLSTATE[23000]: Integrity constraint violation: 1048 Column 'email' cannot be null' in /home/ubuntu/workspace/cst336/practice/p10/api/checkAnswer.php:16
Stack trace:
#0 /home/ubuntu/workspace/cst336/practice/p10/api/checkAnswer.php(16): PDOStatement->execute(Array)
#1 {main}
  thrown in /home/ubuntu/workspace/cst336/practice/p10/api/checkAnswer.php on line 16
[29-Apr-2019 19:50:48 UTC] PHP Fatal error:  Uncaught exception 'PDOException' with message 'SQLSTATE[23000]: Integrity constraint violation: 1048 Column 'email' cannot be null' in /home/ubuntu/workspace/cst336/practice/p10/api/checkAnswer.php:16
Stack trace:
#0 /home/ubuntu/workspace/cst336/practice/p10/api/checkAnswer.php(16): PDOStatement->execute(Array)
#1 {main}
  thrown in /home/ubuntu/workspace/cst336/practice/p10/api/checkAnswer.php on line 16
[29-Apr-2019 19:50:50 UTC] PHP Fatal error:  Uncaught exception 'PDOException' with message 'SQLSTATE[23000]: Integrity constraint violation: 1048 Column 'email' cannot be null' in /home/ubuntu/workspace/cst336/practice/p10/api/checkAnswer.php:16
Stack trace:
#0 /home/ubuntu/workspace/cst336/practice/p10/api/checkAnswer.php(16): PDOStatement->execute(Array)
#1 {main}
  thrown in /home/ubuntu/workspace/cst336/practice/p10/api/checkAnswer.php on line 16
[29-Apr-2019 19:50:58 UTC] PHP Fatal error:  Uncaught exception 'PDOException' with message 'SQLSTATE[23000]: Integrity constraint violation: 1048 Column 'email' cannot be null' in /home/ubuntu/workspace/cst336/practice/p10/api/checkAnswer.php:16
Stack trace:
#0 /home/ubuntu/workspace/cst336/practice/p10/api/checkAnswer.php(16): PDOStatement->execute(Array)
#1 {main}
  thrown in /home/ubuntu/workspace/cst336/practice/p10/api/checkAnswer.php on line 16
[29-Apr-2019 19:51:17 UTC] PHP Fatal error:  Uncaught exception 'PDOException' with message 'SQLSTATE[23000]: Integrity constraint violation: 1048 Column 'email' cannot be null' in /home/ubuntu/workspace/cst336/practice/p10/api/checkAnswer.php:16
Stack trace:
#0 /home/ubuntu/workspace/cst336/practice/p10/api/checkAnswer.php(16): PDOStatement->execute(Array)
#1 {main}
  thrown in /home/ubuntu/workspace/cst336/practice/p10/api/checkAnswer.php on line 16
[29-Apr-2019 20:04:59 UTC] PHP Fatal error:  Uncaught exception 'PDOException' with message 'SQLSTATE[HY000]: General error' in /home/ubuntu/workspace/cst336/practice/p10/api/checkAnswer.php:17
Stack trace:
#0 /home/ubuntu/workspace/cst336/practice/p10/api/checkAnswer.php(17): PDOStatement->fetch(2)
#1 {main}
  thrown in /home/ubuntu/workspace/cst336/practice/p10/api/checkAnswer.php on line 17
[29-Apr-2019 20:05:11 UTC] PHP Fatal error:  Uncaught exception 'PDOException' with message 'SQLSTATE[23000]: Integrity constraint violation: 1062 Duplicate entry 'potato' for key 'PRIMARY'' in /home/ubuntu/workspace/cst336/practice/p10/api/checkAnswer.php:16
Stack trace:
#0 /home/ubuntu/workspace/cst336/practice/p10/api/checkAnswer.php(16): PDOStatement->execute(Array)
#1 {main}
  thrown in /home/ubuntu/workspace/cst336/practice/p10/api/checkAnswer.php on line 16
[29-Apr-2019 20:06:41 UTC] PHP Fatal error:  Uncaught exception 'PDOException' with message 'SQLSTATE[23000]: Integrity constraint violation: 1048 Column 'email' cannot be null' in /home/ubuntu/workspace/cst336/practice/p10/api/checkAnswer.php:16
Stack trace:
#0 /home/ubuntu/workspace/cst336/practice/p10/api/checkAnswer.php(16): PDOStatement->execute(Array)
#1 {main}
  thrown in /home/ubuntu/workspace/cst336/practice/p10/api/checkAnswer.php on line 16
[29-Apr-2019 20:10:22 UTC] PHP Fatal error:  Uncaught exception 'PDOException' with message 'SQLSTATE[23000]: Integrity constraint violation: 1048 Column 'email' cannot be null' in /home/ubuntu/workspace/cst336/practice/p10/api/checkAnswer.php:16
Stack trace:
#0 /home/ubuntu/workspace/cst336/practice/p10/api/checkAnswer.php(16): PDOStatement->execute(Array)
#1 {main}
  thrown in /home/ubuntu/workspace/cst336/practice/p10/api/checkAnswer.php on line 16
[29-Apr-2019 20:11:18 UTC] PHP Fatal error:  Uncaught exception 'PDOException' with message 'SQLSTATE[23000]: Integrity constraint violation: 1048 Column 'email' cannot be null' in /home/ubuntu/workspace/cst336/practice/p10/api/checkAnswer.php:16
Stack trace:
#0 /home/ubuntu/workspace/cst336/practice/p10/api/checkAnswer.php(16): PDOStatement->execute(Array)
#1 {main}
  thrown in /home/ubuntu/workspace/cst336/practice/p10/api/checkAnswer.php on line 16
[29-Apr-2019 20:11:20 UTC] PHP Fatal error:  Uncaught exception 'PDOException' with message 'SQLSTATE[23000]: Integrity constraint violation: 1048 Column 'email' cannot be null' in /home/ubuntu/workspace/cst336/practice/p10/api/checkAnswer.php:16
Stack trace:
#0 /home/ubuntu/workspace/cst336/practice/p10/api/checkAnswer.php(16): PDOStatement->execute(Array)
#1 {main}
  thrown in /home/ubuntu/workspace/cst336/practice/p10/api/checkAnswer.php on line 16
[29-Apr-2019 20:13:17 UTC] PHP Fatal error:  Uncaught exception 'PDOException' with message 'SQLSTATE[23000]: Integrity constraint violation: 1048 Column 'email' cannot be null' in /home/ubuntu/workspace/cst336/practice/p10/api/checkAnswer.php:16
Stack trace:
#0 /home/ubuntu/workspace/cst336/practice/p10/api/checkAnswer.php(16): PDOStatement->execute(Array)
#1 {main}
  thrown in /home/ubuntu/workspace/cst336/practice/p10/api/checkAnswer.php on line 16
